<?xml version="1.0" encoding="UTF-8"?>
<!-- Generated by org.testng.reporters.JUnitXMLReporter -->
<testsuite hostname="Ankit-Dubey-2017-MBPro.local" ignored="1" name="Regression" tests="7" failures="0" timestamp="2020-05-06T23:25:40 CEST" time="67.302" errors="0">
  <testcase name="verifyLoginPageTitleTest" time="5.083" classname="com.qa.hubspot.tests.LoginPageTest"/>
  <testcase name="verifySignUpLinkTest" time="5.121" classname="com.qa.hubspot.tests.LoginPageTest"/>
  <testcase name="verifymessageTest" time="5.468" classname="com.qa.hubspot.tests.LoginPageTest"/>
  <testcase name="verifyforgotPasswordCheckBoxTest" time="5.104" classname="com.qa.hubspot.tests.LoginPageTest"/>
  <testcase name="verifySignInWithGoogleTest" time="6.06" classname="com.qa.hubspot.tests.LoginPageTest"/>
  <testcase name="verifyPrivacyPolicyLinkTest" time="5.055" classname="com.qa.hubspot.tests.LoginPageTest"/>
  <testcase name="VerifyLoginTest" time="12.498" classname="com.qa.hubspot.tests.LoginPageTest"/>
  <testcase name="VerifyLoginTestNegative" time="0.0" classname="com.qa.hubspot.tests.LoginPageTest">
    <ignored/>
  </testcase> <!-- VerifyLoginTestNegative -->
</testsuite> <!-- Regression -->
