<?xml version="1.0" encoding="UTF-8"?>
<!-- Generated by org.testng.reporters.JUnitXMLReporter -->
<testsuite hostname="Ankit-Dubey-2017-MBPro.local" ignored="1" name="Regression" tests="7" failures="0" timestamp="2020-05-08T14:14:49 CEST" time="67.395" errors="0">
  <testcase name="verifyLoginPageTitleTest" time="5.038" classname="com.qa.hubspot.tests.LoginPageTest"/>
  <testcase name="verifySignUpLinkTest" time="5.941" classname="com.qa.hubspot.tests.LoginPageTest"/>
  <testcase name="verifymessageTest" time="5.617" classname="com.qa.hubspot.tests.LoginPageTest"/>
  <testcase name="verifyforgotPasswordCheckBoxTest" time="5.129" classname="com.qa.hubspot.tests.LoginPageTest"/>
  <testcase name="verifySignInWithGoogleTest" time="5.833" classname="com.qa.hubspot.tests.LoginPageTest"/>
  <testcase name="verifyPrivacyPolicyLinkTest" time="5.475" classname="com.qa.hubspot.tests.LoginPageTest"/>
  <testcase name="VerifyLoginTest" time="11.928" classname="com.qa.hubspot.tests.LoginPageTest"/>
  <testcase name="VerifyLoginTestNegative" time="0.0" classname="com.qa.hubspot.tests.LoginPageTest">
    <ignored/>
  </testcase> <!-- VerifyLoginTestNegative -->
</testsuite> <!-- Regression -->
