<?xml version="1.0" encoding="UTF-8"?>
<testng-results skipped="0" failed="0" ignored="1" total="8" passed="7">
  <reporter-output>
  </reporter-output>
  <suite name="HUbSpot Regression Suite" duration-ms="67395" started-at="2020-05-08T14:13:37 CEST" finished-at="2020-05-08T14:14:44 CEST">
    <groups>
    </groups>
    <test name="Regression" duration-ms="67395" started-at="2020-05-08T14:13:37 CEST" finished-at="2020-05-08T14:14:44 CEST">
      <class name="com.qa.hubspot.tests.LoginPageTest">
        <test-method status="PASS" signature="setUP()[pri:0, instance:com.qa.hubspot.tests.LoginPageTest@71a9b4c7]" name="setUP" is-config="true" duration-ms="2783" started-at="2020-05-08T14:13:47 CEST" finished-at="2020-05-08T14:13:50 CEST">
          <reporter-output>
          </reporter-output>
        </test-method> <!-- setUP -->
        <test-method status="PASS" signature="verifyLoginPageTitleTest()[pri:1, instance:com.qa.hubspot.tests.LoginPageTest@71a9b4c7]" name="verifyLoginPageTitleTest" duration-ms="5038" started-at="2020-05-08T14:13:50 CEST" finished-at="2020-05-08T14:13:55 CEST">
          <reporter-output>
          </reporter-output>
        </test-method> <!-- verifyLoginPageTitleTest -->
        <test-method status="PASS" signature="tearDown()[pri:0, instance:com.qa.hubspot.tests.LoginPageTest@71a9b4c7]" name="tearDown" is-config="true" duration-ms="82" started-at="2020-05-08T14:13:55 CEST" finished-at="2020-05-08T14:13:55 CEST">
          <reporter-output>
          </reporter-output>
        </test-method> <!-- tearDown -->
        <test-method status="PASS" signature="setUP()[pri:0, instance:com.qa.hubspot.tests.LoginPageTest@71a9b4c7]" name="setUP" is-config="true" duration-ms="1383" started-at="2020-05-08T14:13:55 CEST" finished-at="2020-05-08T14:13:56 CEST">
          <reporter-output>
          </reporter-output>
        </test-method> <!-- setUP -->
        <test-method status="PASS" signature="verifySignUpLinkTest()[pri:2, instance:com.qa.hubspot.tests.LoginPageTest@71a9b4c7]" name="verifySignUpLinkTest" duration-ms="5941" started-at="2020-05-08T14:13:56 CEST" finished-at="2020-05-08T14:14:02 CEST">
          <reporter-output>
          </reporter-output>
        </test-method> <!-- verifySignUpLinkTest -->
        <test-method status="PASS" signature="tearDown()[pri:0, instance:com.qa.hubspot.tests.LoginPageTest@71a9b4c7]" name="tearDown" is-config="true" duration-ms="122" started-at="2020-05-08T14:14:02 CEST" finished-at="2020-05-08T14:14:03 CEST">
          <reporter-output>
          </reporter-output>
        </test-method> <!-- tearDown -->
        <test-method status="PASS" signature="setUP()[pri:0, instance:com.qa.hubspot.tests.LoginPageTest@71a9b4c7]" name="setUP" is-config="true" duration-ms="1412" started-at="2020-05-08T14:14:03 CEST" finished-at="2020-05-08T14:14:04 CEST">
          <reporter-output>
          </reporter-output>
        </test-method> <!-- setUP -->
        <test-method status="PASS" signature="verifymessageTest()[pri:3, instance:com.qa.hubspot.tests.LoginPageTest@71a9b4c7]" name="verifymessageTest" duration-ms="5617" started-at="2020-05-08T14:14:04 CEST" finished-at="2020-05-08T14:14:10 CEST">
          <reporter-output>
          </reporter-output>
        </test-method> <!-- verifymessageTest -->
        <test-method status="PASS" signature="tearDown()[pri:0, instance:com.qa.hubspot.tests.LoginPageTest@71a9b4c7]" name="tearDown" is-config="true" duration-ms="86" started-at="2020-05-08T14:14:10 CEST" finished-at="2020-05-08T14:14:10 CEST">
          <reporter-output>
          </reporter-output>
        </test-method> <!-- tearDown -->
        <test-method status="PASS" signature="setUP()[pri:0, instance:com.qa.hubspot.tests.LoginPageTest@71a9b4c7]" name="setUP" is-config="true" duration-ms="1612" started-at="2020-05-08T14:14:10 CEST" finished-at="2020-05-08T14:14:11 CEST">
          <reporter-output>
          </reporter-output>
        </test-method> <!-- setUP -->
        <test-method status="PASS" signature="verifyforgotPasswordCheckBoxTest()[pri:4, instance:com.qa.hubspot.tests.LoginPageTest@71a9b4c7]" name="verifyforgotPasswordCheckBoxTest" duration-ms="5129" started-at="2020-05-08T14:14:11 CEST" finished-at="2020-05-08T14:14:16 CEST">
          <reporter-output>
          </reporter-output>
        </test-method> <!-- verifyforgotPasswordCheckBoxTest -->
        <test-method status="PASS" signature="tearDown()[pri:0, instance:com.qa.hubspot.tests.LoginPageTest@71a9b4c7]" name="tearDown" is-config="true" duration-ms="85" started-at="2020-05-08T14:14:16 CEST" finished-at="2020-05-08T14:14:16 CEST">
          <reporter-output>
          </reporter-output>
        </test-method> <!-- tearDown -->
        <test-method status="PASS" signature="setUP()[pri:0, instance:com.qa.hubspot.tests.LoginPageTest@71a9b4c7]" name="setUP" is-config="true" duration-ms="1368" started-at="2020-05-08T14:14:16 CEST" finished-at="2020-05-08T14:14:18 CEST">
          <reporter-output>
          </reporter-output>
        </test-method> <!-- setUP -->
        <test-method status="PASS" signature="verifySignInWithGoogleTest()[pri:5, instance:com.qa.hubspot.tests.LoginPageTest@71a9b4c7]" name="verifySignInWithGoogleTest" duration-ms="5833" started-at="2020-05-08T14:14:18 CEST" finished-at="2020-05-08T14:14:24 CEST">
          <reporter-output>
          </reporter-output>
        </test-method> <!-- verifySignInWithGoogleTest -->
        <test-method status="PASS" signature="tearDown()[pri:0, instance:com.qa.hubspot.tests.LoginPageTest@71a9b4c7]" name="tearDown" is-config="true" duration-ms="87" started-at="2020-05-08T14:14:24 CEST" finished-at="2020-05-08T14:14:24 CEST">
          <reporter-output>
          </reporter-output>
        </test-method> <!-- tearDown -->
        <test-method status="PASS" signature="setUP()[pri:0, instance:com.qa.hubspot.tests.LoginPageTest@71a9b4c7]" name="setUP" is-config="true" duration-ms="1643" started-at="2020-05-08T14:14:24 CEST" finished-at="2020-05-08T14:14:25 CEST">
          <reporter-output>
          </reporter-output>
        </test-method> <!-- setUP -->
        <test-method status="PASS" signature="verifyPrivacyPolicyLinkTest()[pri:6, instance:com.qa.hubspot.tests.LoginPageTest@71a9b4c7]" name="verifyPrivacyPolicyLinkTest" duration-ms="5475" started-at="2020-05-08T14:14:25 CEST" finished-at="2020-05-08T14:14:31 CEST">
          <reporter-output>
          </reporter-output>
        </test-method> <!-- verifyPrivacyPolicyLinkTest -->
        <test-method status="PASS" signature="tearDown()[pri:0, instance:com.qa.hubspot.tests.LoginPageTest@71a9b4c7]" name="tearDown" is-config="true" duration-ms="87" started-at="2020-05-08T14:14:31 CEST" finished-at="2020-05-08T14:14:31 CEST">
          <reporter-output>
          </reporter-output>
        </test-method> <!-- tearDown -->
        <test-method status="PASS" signature="setUP()[pri:0, instance:com.qa.hubspot.tests.LoginPageTest@71a9b4c7]" name="setUP" is-config="true" duration-ms="1339" started-at="2020-05-08T14:14:31 CEST" finished-at="2020-05-08T14:14:32 CEST">
          <reporter-output>
          </reporter-output>
        </test-method> <!-- setUP -->
        <test-method status="PASS" signature="VerifyLoginTest()[pri:7, instance:com.qa.hubspot.tests.LoginPageTest@71a9b4c7]" name="VerifyLoginTest" duration-ms="11928" started-at="2020-05-08T14:14:32 CEST" finished-at="2020-05-08T14:14:44 CEST">
          <reporter-output>
          </reporter-output>
        </test-method> <!-- VerifyLoginTest -->
        <test-method status="PASS" signature="tearDown()[pri:0, instance:com.qa.hubspot.tests.LoginPageTest@71a9b4c7]" name="tearDown" is-config="true" duration-ms="83" started-at="2020-05-08T14:14:44 CEST" finished-at="2020-05-08T14:14:44 CEST">
          <reporter-output>
          </reporter-output>
        </test-method> <!-- tearDown -->
      </class> <!-- com.qa.hubspot.tests.LoginPageTest -->
    </test> <!-- Regression -->
  </suite> <!-- HUbSpot Regression Suite -->
</testng-results>
